[22:33:01] [main/WARN]: Ambiguity between arguments [teleport, location] and [teleport, destination] with inputs: [0.1 -0.5 .9, 0 0 0]
[22:33:01] [main/WARN]: Ambiguity between arguments [teleport, location] and [teleport, targets] with inputs: [0.1 -0.5 .9, 0 0 0]
[22:33:01] [main/WARN]: Ambiguity between arguments [teleport, targets] and [teleport, destination] with inputs: [Player, 0123, dd12be42-52a9-4a91-a8a1-11c01849e498]
[22:33:01] [main/WARN]: Ambiguity between arguments [teleport, targets, location] and [teleport, targets, destination] with inputs: [0.1 -0.5 .9, 0 0 0]
[22:33:02] [Server thread/INFO]: Starting minecraft server version 1.15
[22:33:02] [Server thread/WARN]: To start the server with more ram, launch it as "java -Xmx1024M -Xms1024M -jar minecraft_server.jar"
[22:33:02] [Server thread/INFO]: Loading properties
[22:33:02] [Server thread/INFO]: Default game type: SURVIVAL
[22:33:02] [Server thread/INFO]: Generating keypair
[22:33:03] [Server thread/INFO]: Starting Minecraft server on *:12345
[22:33:03] [Server thread/INFO]: Using default channel type
[22:33:04] [Server thread/WARN]: **** SERVER IS RUNNING IN OFFLINE/INSECURE MODE!
[22:33:04] [Server thread/WARN]: The server will make no attempt to authenticate usernames. Beware.
[22:33:04] [Server thread/WARN]: While this makes the game possible to play without internet access, it also opens up the ability for hackers to connect with any username they choose.
[22:33:04] [Server thread/WARN]: To change this, set "online-mode" to "true" in the server.properties file.
[22:33:04] [Server thread/INFO]: Preparing level "world"
[22:33:05] [Server thread/INFO]: Reloading ResourceManager: Default
[22:33:05] [Server thread/INFO]: Loaded 6 recipes
[22:33:06] [Server thread/INFO]: Loaded 825 advancements
[22:33:07] [Server thread/INFO]: Preparing start region for dimension minecraft:overworld
[22:33:10] [Server thread/INFO]: Preparing spawn area: 0%
[22:33:10] [Server thread/INFO]: Preparing spawn area: 0%
[22:33:10] [Server thread/INFO]: Preparing spawn area: 0%
[22:33:10] [Server thread/INFO]: Preparing spawn area: 0%
[22:33:10] [Server thread/INFO]: Preparing spawn area: 0%
[22:33:10] [Server thread/INFO]: Preparing spawn area: 0%
[22:33:10] [Server thread/INFO]: Preparing spawn area: 0%
[22:33:16] [Server-Worker-7/INFO]: Preparing spawn area: 0%
[22:33:16] [Server-Worker-5/INFO]: Preparing spawn area: 0%
[22:33:16] [Server-Worker-1/INFO]: Preparing spawn area: 0%
[22:33:16] [Server-Worker-1/INFO]: Preparing spawn area: 0%
[22:33:16] [Server-Worker-1/INFO]: Preparing spawn area: 0%
[22:33:16] [Server-Worker-4/INFO]: Preparing spawn area: 0%
[22:33:16] [Server-Worker-2/INFO]: Preparing spawn area: 0%
[22:33:16] [Server-Worker-3/INFO]: Preparing spawn area: 0%
[22:33:16] [Server-Worker-5/INFO]: Preparing spawn area: 0%
[22:33:16] [Server-Worker-1/INFO]: Preparing spawn area: 0%
[22:33:16] [Server-Worker-5/INFO]: Preparing spawn area: 0%
[22:33:16] [Server thread/INFO]: Preparing spawn area: 0%
[22:33:19] [Server-Worker-5/INFO]: Preparing spawn area: 87%
[22:33:19] [Server-Worker-5/INFO]: Preparing spawn area: 87%
[22:33:19] [Server-Worker-3/INFO]: Preparing spawn area: 87%
[22:33:19] [Server-Worker-5/INFO]: Preparing spawn area: 87%
[22:33:19] [Server-Worker-1/INFO]: Preparing spawn area: 87%
[22:33:19] [Server-Worker-7/INFO]: Preparing spawn area: 87%
[22:33:20] [Server-Worker-5/INFO]: Preparing spawn area: 87%
[22:33:20] [Server-Worker-7/INFO]: Preparing spawn area: 87%
[22:33:21] [Server-Worker-5/INFO]: Preparing spawn area: 90%
[22:33:21] [Server thread/INFO]: Preparing spawn area: 94%
[22:33:21] [Server thread/INFO]: Time elapsed: 14434 ms
[22:33:21] [Server thread/INFO]: Done (17.107s)! For help, type "help"
[23:48:12] [Server thread/INFO]: Stopping server
[23:48:12] [Server thread/INFO]: Saving players
[23:48:12] [Server thread/INFO]: Saving worlds
[23:48:12] [Server thread/INFO]: Saving chunks for level 'world'/minecraft:overworld
[23:48:12] [Server thread/INFO]: ThreadedAnvilChunkStorage (world): All chunks are saved
[23:48:12] [Server thread/INFO]: Saving chunks for level 'world'/minecraft:the_end
[23:48:12] [Server thread/INFO]: ThreadedAnvilChunkStorage (DIM1): All chunks are saved
[23:48:13] [Server thread/INFO]: Saving chunks for level 'world'/minecraft:the_nether
[23:48:13] [Server thread/INFO]: ThreadedAnvilChunkStorage (DIM-1): All chunks are saved
[23:48:13] [Server thread/INFO]: ThreadedAnvilChunkStorage (world): All chunks are saved
[23:48:13] [Server thread/INFO]: ThreadedAnvilChunkStorage (DIM1): All chunks are saved
[23:48:13] [Server thread/INFO]: ThreadedAnvilChunkStorage (DIM-1): All chunks are saved
